2024-08-23 20:49:09+0200: Running with following config:
logDir = analysis_logs
maxVisits = 500
nnCacheSizePowerOfTwo = 23
nnMaxBatchSize = 64
nnMutexPoolSizePowerOfTwo = 17
nnRandomize = true
numAnalysisThreads = 2
numSearchThreads = 16
reportAnalysisWinratesAs = BLACK

2024-08-23 20:49:09+0200: Analysis Engine starting...
2024-08-23 20:49:09+0200: KataGo v1.13.0
2024-08-23 20:49:09+0200: nnRandSeed0 = 2743412799993475626
2024-08-23 20:49:09+0200: After dedups: nnModelFile0 = katago/models/kata1-b18c384nbt.bin.gz useFP16 auto useNHWC auto
2024-08-23 20:49:09+0200: Initializing neural net buffer to be size 19 * 19 allowing smaller boards
2024-08-23 20:49:10+0200: Found OpenCL Platform 0: NVIDIA CUDA (NVIDIA Corporation) (OpenCL 3.0 CUDA 12.6.41)
2024-08-23 20:49:10+0200: Found 1 device(s) on platform 0 with type CPU or GPU or Accelerator
2024-08-23 20:49:10+0200: Found OpenCL Device 0: NVIDIA GeForce RTX 4070 Ti (NVIDIA Corporation) (score 11000300)
2024-08-23 20:49:10+0200: Creating context for OpenCL Platform: NVIDIA CUDA (NVIDIA Corporation) (OpenCL 3.0 CUDA 12.6.41)
2024-08-23 20:49:10+0200: Using OpenCL Device 0: NVIDIA GeForce RTX 4070 Ti (NVIDIA Corporation) OpenCL 3.0 CUDA (Extensions: cl_khr_global_int32_base_atomics cl_khr_global_int32_extended_atomics cl_khr_local_int32_base_atomics cl_khr_local_int32_extended_atomics cl_khr_fp64 cl_khr_3d_image_writes cl_khr_byte_addressable_store cl_khr_icd cl_khr_gl_sharing cl_nv_compiler_options cl_nv_device_attribute_query cl_nv_pragma_unroll cl_nv_d3d10_sharing cl_khr_d3d10_sharing cl_nv_d3d11_sharing cl_nv_copy_opts cl_nv_create_buffer cl_khr_int64_base_atomics cl_khr_int64_extended_atomics cl_khr_device_uuid cl_khr_pci_bus_info cl_khr_external_semaphore cl_khr_external_memory cl_khr_external_semaphore_win32 cl_khr_external_memory_win32)
2024-08-23 20:49:10+0200: Loaded tuning parameters from: D:\projects\sensai\sensai-ng\sensai-kata\katago/KataGoData/opencltuning/tune11_gpuNVIDIAGeForceRTX4070Ti_x19_y19_c384_mv14.txt
2024-08-23 20:49:11+0200: OpenCL backend thread 0: Model version 14
2024-08-23 20:49:11+0200: OpenCL backend thread 0: Model name: kata1-b18c384nbt-s8557312256-d3936950811
2024-08-23 20:49:12+0200: OpenCL backend thread 0: FP16Storage true FP16Compute false FP16TensorCores true FP16TensorCoresFor1x1 false
2024-08-23 20:49:12+0200: Loaded config katago/analysis_example.cfg
2024-08-23 20:49:12+0200: Loaded model katago/models/kata1-b18c384nbt.bin.gz
2024-08-23 20:49:12+0200: Analyzing up to 2 positions at a time in parallel
2024-08-23 20:49:12+0200: Started, ready to begin handling requests
