2023-12-23 17:32:33+0100: Running with following config:
allowResignation = true
lagBuffer = 1.0
logAllGTPCommunication = true
logDir = gtp_logs
logSearchInfo = true
logToStderr = false
maxTimePondering = 60.0
maxVisits = 500
numSearchThreads = 6
ponderingEnabled = false
resignConsecTurns = 3
resignThreshold = -0.90
rules = tromp-taylor
searchFactorAfterOnePass = 0.50
searchFactorAfterTwoPass = 0.25
searchFactorWhenWinning = 0.40
searchFactorWhenWinningThreshold = 0.95

2023-12-23 17:32:33+0100: Loading model and initializing benchmark...
2023-12-23 17:32:33+0100: Testing with default positions for board size: 19
2023-12-23 17:32:33+0100: nnRandSeed0 = 10623569581058154008
2023-12-23 17:32:33+0100: After dedups: nnModelFile0 = ..\models\kata1-b18c384nbt.bin.gz useFP16 auto useNHWC auto
2023-12-23 17:32:33+0100: Initializing neural net buffer to be size 19 * 19 exactly
2023-12-23 17:32:34+0100: Found OpenCL Platform 0: NVIDIA CUDA (NVIDIA Corporation) (OpenCL 3.0 CUDA 12.2.79)
2023-12-23 17:32:34+0100: Found 1 device(s) on platform 0 with type CPU or GPU or Accelerator
2023-12-23 17:32:34+0100: Found OpenCL Device 0: NVIDIA GeForce RTX 4070 Ti (NVIDIA Corporation) (score 11000300)
2023-12-23 17:32:34+0100: Creating context for OpenCL Platform: NVIDIA CUDA (NVIDIA Corporation) (OpenCL 3.0 CUDA 12.2.79)
2023-12-23 17:32:34+0100: Using OpenCL Device 0: NVIDIA GeForce RTX 4070 Ti (NVIDIA Corporation) OpenCL 3.0 CUDA (Extensions: cl_khr_global_int32_base_atomics cl_khr_global_int32_extended_atomics cl_khr_local_int32_base_atomics cl_khr_local_int32_extended_atomics cl_khr_fp64 cl_khr_3d_image_writes cl_khr_byte_addressable_store cl_khr_icd cl_khr_gl_sharing cl_nv_compiler_options cl_nv_device_attribute_query cl_nv_pragma_unroll cl_nv_d3d10_sharing cl_khr_d3d10_sharing cl_nv_d3d11_sharing cl_nv_copy_opts cl_nv_create_buffer cl_khr_int64_base_atomics cl_khr_int64_extended_atomics cl_khr_device_uuid cl_khr_pci_bus_info cl_khr_external_semaphore cl_khr_external_memory cl_khr_external_semaphore_win32 cl_khr_external_memory_win32)
2023-12-23 17:32:34+0100: No existing tuning parameters found or parseable or valid at: D:\projects\sensai\sensai-py\katago-v1.13.0/KataGoData/opencltuning/tune11_gpuNVIDIAGeForceRTX4070Ti_x19_y19_c384_mv14.txt
2023-12-23 17:32:34+0100: Performing autotuning
2023-12-23 17:32:34+0100: *** On some systems, this may take several minutes, please be patient ***
2023-12-23 17:32:34+0100: Found OpenCL Platform 0: NVIDIA CUDA (NVIDIA Corporation) (OpenCL 3.0 CUDA 12.2.79)
2023-12-23 17:32:34+0100: Found 1 device(s) on platform 0 with type CPU or GPU or Accelerator
2023-12-23 17:32:34+0100: Found OpenCL Device 0: NVIDIA GeForce RTX 4070 Ti (NVIDIA Corporation) (score 11000300)
2023-12-23 17:32:34+0100: Creating context for OpenCL Platform: NVIDIA CUDA (NVIDIA Corporation) (OpenCL 3.0 CUDA 12.2.79)
2023-12-23 17:32:34+0100: Using OpenCL Device 0: NVIDIA GeForce RTX 4070 Ti (NVIDIA Corporation) OpenCL 3.0 CUDA (Extensions: cl_khr_global_int32_base_atomics cl_khr_global_int32_extended_atomics cl_khr_local_int32_base_atomics cl_khr_local_int32_extended_atomics cl_khr_fp64 cl_khr_3d_image_writes cl_khr_byte_addressable_store cl_khr_icd cl_khr_gl_sharing cl_nv_compiler_options cl_nv_device_attribute_query cl_nv_pragma_unroll cl_nv_d3d10_sharing cl_khr_d3d10_sharing cl_nv_d3d11_sharing cl_nv_copy_opts cl_nv_create_buffer cl_khr_int64_base_atomics cl_khr_int64_extended_atomics cl_khr_device_uuid cl_khr_pci_bus_info cl_khr_external_semaphore cl_khr_external_memory cl_khr_external_semaphore_win32 cl_khr_external_memory_win32)
2023-12-23 17:32:34+0100: Dummy tuning thread starting
2023-12-23 17:32:34+0100: Creating context for OpenCL Platform: NVIDIA CUDA (NVIDIA Corporation) (OpenCL 3.0 CUDA 12.2.79)
2023-12-23 17:32:34+0100: Using OpenCL Device 0: NVIDIA GeForce RTX 4070 Ti (NVIDIA Corporation) OpenCL 3.0 CUDA (Extensions: cl_khr_global_int32_base_atomics cl_khr_global_int32_extended_atomics cl_khr_local_int32_base_atomics cl_khr_local_int32_extended_atomics cl_khr_fp64 cl_khr_3d_image_writes cl_khr_byte_addressable_store cl_khr_icd cl_khr_gl_sharing cl_nv_compiler_options cl_nv_device_attribute_query cl_nv_pragma_unroll cl_nv_d3d10_sharing cl_khr_d3d10_sharing cl_nv_d3d11_sharing cl_nv_copy_opts cl_nv_create_buffer cl_khr_int64_base_atomics cl_khr_int64_extended_atomics cl_khr_device_uuid cl_khr_pci_bus_info cl_khr_external_semaphore cl_khr_external_memory cl_khr_external_semaphore_win32 cl_khr_external_memory_win32)
2023-12-23 17:36:02+0100: Tuning dummy thread numeric total: 3.51215e+09
2023-12-23 17:36:02+0100: Done tuning, saved results to D:\projects\sensai\sensai-py\katago-v1.13.0/KataGoData/opencltuning/tune11_gpuNVIDIAGeForceRTX4070Ti_x19_y19_c384_mv14.txt
2023-12-23 17:36:06+0100: OpenCL backend thread 0: Model version 14
2023-12-23 17:36:06+0100: OpenCL backend thread 0: Model name: kata1-b18c384nbt-s8557312256-d3936950811
2023-12-23 17:36:07+0100: OpenCL backend thread 0: FP16Storage true FP16Compute false FP16TensorCores true FP16TensorCoresFor1x1 false
2023-12-23 17:36:08+0100: Loaded config D:\projects\sensai\sensai-py\katago-v1.13.0/default_gtp.cfg
2023-12-23 17:36:08+0100: Loaded model ..\models\kata1-b18c384nbt.bin.gz
2023-12-23 17:36:08+0100: GPU -1 finishing, processed 5 rows 5 batches
2023-12-23 17:36:08+0100: nnRandSeed0 = 3701122291096507885
2023-12-23 17:36:08+0100: After dedups: nnModelFile0 = ..\models\kata1-b18c384nbt.bin.gz useFP16 auto useNHWC auto
2023-12-23 17:36:08+0100: Initializing neural net buffer to be size 19 * 19 exactly
2023-12-23 17:36:09+0100: Found OpenCL Platform 0: NVIDIA CUDA (NVIDIA Corporation) (OpenCL 3.0 CUDA 12.2.79)
2023-12-23 17:36:09+0100: Found 1 device(s) on platform 0 with type CPU or GPU or Accelerator
2023-12-23 17:36:09+0100: Found OpenCL Device 0: NVIDIA GeForce RTX 4070 Ti (NVIDIA Corporation) (score 11000300)
2023-12-23 17:36:09+0100: Creating context for OpenCL Platform: NVIDIA CUDA (NVIDIA Corporation) (OpenCL 3.0 CUDA 12.2.79)
2023-12-23 17:36:09+0100: Using OpenCL Device 0: NVIDIA GeForce RTX 4070 Ti (NVIDIA Corporation) OpenCL 3.0 CUDA (Extensions: cl_khr_global_int32_base_atomics cl_khr_global_int32_extended_atomics cl_khr_local_int32_base_atomics cl_khr_local_int32_extended_atomics cl_khr_fp64 cl_khr_3d_image_writes cl_khr_byte_addressable_store cl_khr_icd cl_khr_gl_sharing cl_nv_compiler_options cl_nv_device_attribute_query cl_nv_pragma_unroll cl_nv_d3d10_sharing cl_khr_d3d10_sharing cl_nv_d3d11_sharing cl_nv_copy_opts cl_nv_create_buffer cl_khr_int64_base_atomics cl_khr_int64_extended_atomics cl_khr_device_uuid cl_khr_pci_bus_info cl_khr_external_semaphore cl_khr_external_memory cl_khr_external_semaphore_win32 cl_khr_external_memory_win32)
2023-12-23 17:36:09+0100: Loaded tuning parameters from: D:\projects\sensai\sensai-py\katago-v1.13.0/KataGoData/opencltuning/tune11_gpuNVIDIAGeForceRTX4070Ti_x19_y19_c384_mv14.txt
2023-12-23 17:36:09+0100: OpenCL backend thread 0: Model version 14
2023-12-23 17:36:09+0100: OpenCL backend thread 0: Model name: kata1-b18c384nbt-s8557312256-d3936950811
2023-12-23 17:36:10+0100: OpenCL backend thread 0: FP16Storage true FP16Compute false FP16TensorCores true FP16TensorCoresFor1x1 false
2023-12-23 17:37:06+0100: GPU -1 finishing, processed 49235 rows 7988 batches
2023-12-23 17:37:06+0100: nnRandSeed0 = 17408762834466143999
2023-12-23 17:37:06+0100: After dedups: nnModelFile0 = ..\models\kata1-b18c384nbt.bin.gz useFP16 auto useNHWC auto
2023-12-23 17:37:06+0100: Initializing neural net buffer to be size 19 * 19 exactly
2023-12-23 17:37:07+0100: Found OpenCL Platform 0: NVIDIA CUDA (NVIDIA Corporation) (OpenCL 3.0 CUDA 12.2.79)
2023-12-23 17:37:07+0100: Found 1 device(s) on platform 0 with type CPU or GPU or Accelerator
2023-12-23 17:37:07+0100: Found OpenCL Device 0: NVIDIA GeForce RTX 4070 Ti (NVIDIA Corporation) (score 11000300)
2023-12-23 17:37:07+0100: Creating context for OpenCL Platform: NVIDIA CUDA (NVIDIA Corporation) (OpenCL 3.0 CUDA 12.2.79)
2023-12-23 17:37:07+0100: Using OpenCL Device 0: NVIDIA GeForce RTX 4070 Ti (NVIDIA Corporation) OpenCL 3.0 CUDA (Extensions: cl_khr_global_int32_base_atomics cl_khr_global_int32_extended_atomics cl_khr_local_int32_base_atomics cl_khr_local_int32_extended_atomics cl_khr_fp64 cl_khr_3d_image_writes cl_khr_byte_addressable_store cl_khr_icd cl_khr_gl_sharing cl_nv_compiler_options cl_nv_device_attribute_query cl_nv_pragma_unroll cl_nv_d3d10_sharing cl_khr_d3d10_sharing cl_nv_d3d11_sharing cl_nv_copy_opts cl_nv_create_buffer cl_khr_int64_base_atomics cl_khr_int64_extended_atomics cl_khr_device_uuid cl_khr_pci_bus_info cl_khr_external_semaphore cl_khr_external_memory cl_khr_external_semaphore_win32 cl_khr_external_memory_win32)
2023-12-23 17:37:07+0100: Loaded tuning parameters from: D:\projects\sensai\sensai-py\katago-v1.13.0/KataGoData/opencltuning/tune11_gpuNVIDIAGeForceRTX4070Ti_x19_y19_c384_mv14.txt
2023-12-23 17:37:07+0100: OpenCL backend thread 0: Model version 14
2023-12-23 17:37:07+0100: OpenCL backend thread 0: Model name: kata1-b18c384nbt-s8557312256-d3936950811
2023-12-23 17:37:08+0100: OpenCL backend thread 0: FP16Storage true FP16Compute false FP16TensorCores true FP16TensorCoresFor1x1 false
2023-12-23 17:37:21+0100: GPU -1 finishing, processed 15946 rows 682 batches
